[13:27:21] [Server thread/INFO]: Starting minecraft server version 1.15.2
[13:27:21] [Server thread/INFO]: Loading properties
[13:27:22] [Server thread/INFO]: This server is running CraftBukkit version git-Spigot-2f5d615-d07a78b (MC: 1.15.2) (Implementing API version 1.15.2-R0.1-SNAPSHOT)
[13:27:23] [Server thread/INFO]: Debug logging is disabled
[13:27:23] [Server thread/INFO]: Server Ping Player Sample Count: 12
[13:27:23] [Server thread/INFO]: Using 4 threads for Netty based IO
[13:27:23] [Server thread/INFO]: Default game type: SURVIVAL
[13:27:23] [Server thread/INFO]: Generating keypair
[13:27:24] [Server thread/INFO]: Starting Minecraft server on *:25565
[13:27:24] [Server thread/INFO]: Using default channel type
[13:27:29] [Server thread/INFO]: Preparing level "world"
[13:27:30] [Server thread/INFO]: Found new data pack file/bukkit, loading it automatically
[13:27:30] [Server thread/INFO]: Found new data pack vanilla, loading it automatically
[13:27:30] [Server thread/INFO]: Reloading ResourceManager: Default, bukkit
[13:28:13] [Server thread/INFO]: Loaded 6 recipes
[13:28:14] [Server thread/INFO]: -------- World Settings For [world] --------
[13:28:14] [Server thread/INFO]: View Distance: 10
[13:28:14] [Server thread/INFO]: Item Despawn Rate: 6000
[13:28:14] [Server thread/INFO]: Item Merge Radius: 2.5
[13:28:14] [Server thread/INFO]: Arrow Despawn Rate: 1200 Trident Respawn Rate:1200
[13:28:14] [Server thread/INFO]: Allow Zombie Pigmen to spawn from portal blocks: true
[13:28:14] [Server thread/INFO]: Nerfing mobs spawned from spawners: false
[13:28:14] [Server thread/INFO]: Entity Activation Range: An 32 / Mo 32 / Ra 48 / Mi 16 / Tiv true
[13:28:14] [Server thread/INFO]: Experience Merge Radius: 3.0
[13:28:14] [Server thread/INFO]: Cactus Growth Modifier: 100%
[13:28:14] [Server thread/INFO]: Cane Growth Modifier: 100%
[13:28:14] [Server thread/INFO]: Melon Growth Modifier: 100%
[13:28:14] [Server thread/INFO]: Mushroom Growth Modifier: 100%
[13:28:14] [Server thread/INFO]: Pumpkin Growth Modifier: 100%
[13:28:14] [Server thread/INFO]: Sapling Growth Modifier: 100%
[13:28:14] [Server thread/INFO]: Beetroot Growth Modifier: 100%
[13:28:14] [Server thread/INFO]: Carrot Growth Modifier: 100%
[13:28:14] [Server thread/INFO]: Potato Growth Modifier: 100%
[13:28:14] [Server thread/INFO]: Wheat Growth Modifier: 100%
[13:28:14] [Server thread/INFO]: NetherWart Growth Modifier: 100%
[13:28:14] [Server thread/INFO]: Vine Growth Modifier: 100%
[13:28:14] [Server thread/INFO]: Cocoa Growth Modifier: 100%
[13:28:14] [Server thread/INFO]: Bamboo Growth Modifier: 100%
[13:28:14] [Server thread/INFO]: SweetBerry Growth Modifier: 100%
[13:28:14] [Server thread/INFO]: Kelp Growth Modifier: 100%
[13:28:14] [Server thread/INFO]: Mob Spawn Range: 6
[13:28:14] [Server thread/INFO]: Hopper Transfer: 8 Hopper Check: 1 Hopper Amount: 1
[13:28:14] [Server thread/INFO]: Tile Max Tick Time: 50ms Entity max Tick Time: 50ms
[13:28:14] [Server thread/INFO]: Entity Tracking Range: Pl 48 / An 48 / Mo 48 / Mi 32 / Other 64
[13:28:14] [Server thread/INFO]: Max TNT Explosions: 100
[13:28:14] [Server thread/INFO]: Zombie Aggressive Towards Villager: true
[13:28:14] [Server thread/INFO]: Custom Map Seeds:  Village: 10387312 Desert: 14357617 Igloo: 14357618 Jungle: 14357619 Swamp: 14357620 Monument: 10387313 Ocean: 14357621 Shipwreck: 165745295 End City: 10387313 Slime: 987234911
[13:28:23] [Server thread/INFO]: -------- World Settings For [world_nether] --------
[13:28:23] [Server thread/INFO]: View Distance: 10
[13:28:23] [Server thread/INFO]: Item Despawn Rate: 6000
[13:28:23] [Server thread/INFO]: Item Merge Radius: 2.5
[13:28:23] [Server thread/INFO]: Arrow Despawn Rate: 1200 Trident Respawn Rate:1200
[13:28:23] [Server thread/INFO]: Allow Zombie Pigmen to spawn from portal blocks: true
[13:28:23] [Server thread/INFO]: Nerfing mobs spawned from spawners: false
[13:28:23] [Server thread/INFO]: Entity Activation Range: An 32 / Mo 32 / Ra 48 / Mi 16 / Tiv true
[13:28:23] [Server thread/INFO]: Experience Merge Radius: 3.0
[13:28:23] [Server thread/INFO]: Cactus Growth Modifier: 100%
[13:28:23] [Server thread/INFO]: Cane Growth Modifier: 100%
[13:28:23] [Server thread/INFO]: Melon Growth Modifier: 100%
[13:28:23] [Server thread/INFO]: Mushroom Growth Modifier: 100%
[13:28:23] [Server thread/INFO]: Pumpkin Growth Modifier: 100%
[13:28:23] [Server thread/INFO]: Sapling Growth Modifier: 100%
[13:28:23] [Server thread/INFO]: Beetroot Growth Modifier: 100%
[13:28:23] [Server thread/INFO]: Carrot Growth Modifier: 100%
[13:28:23] [Server thread/INFO]: Potato Growth Modifier: 100%
[13:28:23] [Server thread/INFO]: Wheat Growth Modifier: 100%
[13:28:23] [Server thread/INFO]: NetherWart Growth Modifier: 100%
[13:28:23] [Server thread/INFO]: Vine Growth Modifier: 100%
[13:28:23] [Server thread/INFO]: Cocoa Growth Modifier: 100%
[13:28:23] [Server thread/INFO]: Bamboo Growth Modifier: 100%
[13:28:23] [Server thread/INFO]: SweetBerry Growth Modifier: 100%
[13:28:23] [Server thread/INFO]: Kelp Growth Modifier: 100%
[13:28:23] [Server thread/INFO]: Mob Spawn Range: 6
[13:28:23] [Server thread/INFO]: Hopper Transfer: 8 Hopper Check: 1 Hopper Amount: 1
[13:28:23] [Server thread/INFO]: Tile Max Tick Time: 50ms Entity max Tick Time: 50ms
[13:28:23] [Server thread/INFO]: Entity Tracking Range: Pl 48 / An 48 / Mo 48 / Mi 32 / Other 64
[13:28:23] [Server thread/INFO]: Max TNT Explosions: 100
[13:28:23] [Server thread/INFO]: Zombie Aggressive Towards Villager: true
[13:28:23] [Server thread/INFO]: Custom Map Seeds:  Village: 10387312 Desert: 14357617 Igloo: 14357618 Jungle: 14357619 Swamp: 14357620 Monument: 10387313 Ocean: 14357621 Shipwreck: 165745295 End City: 10387313 Slime: 987234911
[13:28:23] [Server thread/INFO]: -------- World Settings For [world_the_end] --------
[13:28:23] [Server thread/INFO]: View Distance: 10
[13:28:23] [Server thread/INFO]: Item Despawn Rate: 6000
[13:28:23] [Server thread/INFO]: Item Merge Radius: 2.5
[13:28:23] [Server thread/INFO]: Arrow Despawn Rate: 1200 Trident Respawn Rate:1200
[13:28:23] [Server thread/INFO]: Allow Zombie Pigmen to spawn from portal blocks: true
[13:28:23] [Server thread/INFO]: Nerfing mobs spawned from spawners: false
[13:28:23] [Server thread/INFO]: Entity Activation Range: An 32 / Mo 32 / Ra 48 / Mi 16 / Tiv true
[13:28:23] [Server thread/INFO]: Experience Merge Radius: 3.0
[13:28:23] [Server thread/INFO]: Cactus Growth Modifier: 100%
[13:28:23] [Server thread/INFO]: Cane Growth Modifier: 100%
[13:28:23] [Server thread/INFO]: Melon Growth Modifier: 100%
[13:28:23] [Server thread/INFO]: Mushroom Growth Modifier: 100%
[13:28:23] [Server thread/INFO]: Pumpkin Growth Modifier: 100%
[13:28:23] [Server thread/INFO]: Sapling Growth Modifier: 100%
[13:28:23] [Server thread/INFO]: Beetroot Growth Modifier: 100%
[13:28:23] [Server thread/INFO]: Carrot Growth Modifier: 100%
[13:28:23] [Server thread/INFO]: Potato Growth Modifier: 100%
[13:28:23] [Server thread/INFO]: Wheat Growth Modifier: 100%
[13:28:23] [Server thread/INFO]: NetherWart Growth Modifier: 100%
[13:28:23] [Server thread/INFO]: Vine Growth Modifier: 100%
[13:28:23] [Server thread/INFO]: Cocoa Growth Modifier: 100%
[13:28:23] [Server thread/INFO]: Bamboo Growth Modifier: 100%
[13:28:23] [Server thread/INFO]: SweetBerry Growth Modifier: 100%
[13:28:23] [Server thread/INFO]: Kelp Growth Modifier: 100%
[13:28:23] [Server thread/INFO]: Mob Spawn Range: 6
[13:28:23] [Server thread/INFO]: Hopper Transfer: 8 Hopper Check: 1 Hopper Amount: 1
[13:28:23] [Server thread/INFO]: Tile Max Tick Time: 50ms Entity max Tick Time: 50ms
[13:28:23] [Server thread/INFO]: Entity Tracking Range: Pl 48 / An 48 / Mo 48 / Mi 32 / Other 64
[13:28:23] [Server thread/INFO]: Max TNT Explosions: 100
[13:28:23] [Server thread/INFO]: Zombie Aggressive Towards Villager: true
[13:28:23] [Server thread/INFO]: Custom Map Seeds:  Village: 10387312 Desert: 14357617 Igloo: 14357618 Jungle: 14357619 Swamp: 14357620 Monument: 10387313 Ocean: 14357621 Shipwreck: 165745295 End City: 10387313 Slime: 987234911
[13:28:23] [Server thread/INFO]: Preparing start region for dimension 'world'/minecraft:overworld
[13:28:24] [Server-Worker-1/INFO]: Preparing spawn area: 0%
[13:28:24] [Server-Worker-2/INFO]: Preparing spawn area: 0%
[13:28:24] [Server-Worker-2/INFO]: Preparing spawn area: 0%
[13:28:25] [Server-Worker-1/INFO]: Preparing spawn area: 0%
[13:28:25] [Server-Worker-2/INFO]: Preparing spawn area: 0%
[13:28:26] [Server-Worker-2/INFO]: Preparing spawn area: 0%
[13:28:26] [Server-Worker-2/INFO]: Preparing spawn area: 0%
[13:28:27] [Server-Worker-2/INFO]: Preparing spawn area: 0%
[13:28:27] [Server-Worker-2/INFO]: Preparing spawn area: 1%
[13:28:28] [Server-Worker-2/INFO]: Preparing spawn area: 1%
[13:28:30] [Server-Worker-2/INFO]: Preparing spawn area: 2%
[13:28:30] [Server-Worker-2/INFO]: Preparing spawn area: 2%
[13:28:30] [Server-Worker-2/INFO]: Preparing spawn area: 2%
[13:28:30] [Server-Worker-2/INFO]: Preparing spawn area: 2%
[13:28:30] [Server-Worker-2/INFO]: Preparing spawn area: 2%
[13:28:31] [Server-Worker-1/INFO]: Preparing spawn area: 2%
[13:28:31] [Server-Worker-1/INFO]: Preparing spawn area: 3%
[13:28:32] [Server-Worker-1/INFO]: Preparing spawn area: 4%
[13:28:32] [Server-Worker-1/INFO]: Preparing spawn area: 5%
[13:28:33] [Server-Worker-1/INFO]: Preparing spawn area: 5%
[13:28:33] [Server-Worker-1/INFO]: Preparing spawn area: 9%
[13:28:34] [Server-Worker-1/INFO]: Preparing spawn area: 9%
[13:28:34] [Server-Worker-1/INFO]: Preparing spawn area: 15%
[13:28:35] [Server-Worker-1/INFO]: Preparing spawn area: 15%
[13:28:35] [Server-Worker-2/INFO]: Preparing spawn area: 18%
[13:28:36] [Server-Worker-2/INFO]: Preparing spawn area: 18%
[13:28:36] [Server-Worker-2/INFO]: Preparing spawn area: 18%
[13:28:37] [Server-Worker-2/INFO]: Preparing spawn area: 18%
[13:28:37] [Server-Worker-2/INFO]: Preparing spawn area: 26%
[13:28:38] [Server-Worker-2/INFO]: Preparing spawn area: 27%
[13:28:38] [Server-Worker-2/INFO]: Preparing spawn area: 28%
[13:28:39] [Server-Worker-2/INFO]: Preparing spawn area: 28%
[13:28:39] [Server-Worker-2/INFO]: Preparing spawn area: 28%
[13:28:40] [Server-Worker-1/INFO]: Preparing spawn area: 34%
[13:28:40] [Server-Worker-1/INFO]: Preparing spawn area: 35%
[13:28:41] [Server-Worker-1/INFO]: Preparing spawn area: 35%
[13:28:41] [Server-Worker-1/INFO]: Preparing spawn area: 35%
[13:28:42] [Server-Worker-1/INFO]: Preparing spawn area: 35%
[13:28:42] [Server-Worker-2/INFO]: Preparing spawn area: 40%
[13:28:43] [Server-Worker-1/INFO]: Preparing spawn area: 41%
[13:28:43] [Server-Worker-1/INFO]: Preparing spawn area: 41%
[13:28:44] [Server-Worker-1/INFO]: Preparing spawn area: 41%
[13:28:44] [Server-Worker-1/INFO]: Preparing spawn area: 44%
[13:28:45] [Server-Worker-1/INFO]: Preparing spawn area: 44%
[13:28:45] [Server-Worker-1/INFO]: Preparing spawn area: 44%
[13:28:46] [Server-Worker-1/INFO]: Preparing spawn area: 44%
[13:28:46] [Server-Worker-1/INFO]: Preparing spawn area: 44%
[13:28:47] [Server-Worker-1/INFO]: Preparing spawn area: 52%
[13:28:47] [Server-Worker-1/INFO]: Preparing spawn area: 52%
[13:28:48] [Server-Worker-2/INFO]: Preparing spawn area: 56%
[13:28:48] [Server-Worker-2/INFO]: Preparing spawn area: 59%
[13:28:49] [Server-Worker-2/INFO]: Preparing spawn area: 61%
[13:28:49] [Server-Worker-2/INFO]: Preparing spawn area: 61%
[13:28:50] [Server-Worker-1/INFO]: Preparing spawn area: 65%
[13:28:51] [Server-Worker-2/INFO]: Preparing spawn area: 69%
[13:28:51] [Server-Worker-2/INFO]: Preparing spawn area: 69%
[13:28:51] [Server-Worker-2/INFO]: Preparing spawn area: 72%
[13:28:52] [Server-Worker-2/INFO]: Preparing spawn area: 75%
[13:28:52] [Server-Worker-2/INFO]: Preparing spawn area: 79%
[13:28:53] [Server-Worker-2/INFO]: Preparing spawn area: 82%
[13:28:53] [Server-Worker-2/INFO]: Preparing spawn area: 82%
[13:28:54] [Server-Worker-1/INFO]: Preparing spawn area: 86%
[13:28:54] [Server-Worker-2/INFO]: Preparing spawn area: 87%
[13:28:55] [Server-Worker-2/INFO]: Preparing spawn area: 89%
[13:28:55] [Server-Worker-1/INFO]: Preparing spawn area: 93%
[13:28:56] [Server-Worker-2/INFO]: Preparing spawn area: 97%
[13:28:56] [Server thread/INFO]: Time elapsed: 32855 ms
[13:28:56] [Server thread/INFO]: Preparing start region for dimension 'world_nether'/minecraft:the_nether
[13:28:56] [Server-Worker-2/INFO]: Preparing spawn area: 0%
[13:28:56] [Server-Worker-1/INFO]: Preparing spawn area: 0%
[13:28:57] [Server-Worker-1/INFO]: Preparing spawn area: 0%
[13:28:57] [Server-Worker-1/INFO]: Preparing spawn area: 0%
[13:28:58] [Server-Worker-2/INFO]: Preparing spawn area: 0%
[13:28:58] [Server-Worker-1/INFO]: Preparing spawn area: 3%
[13:28:59] [Server-Worker-2/INFO]: Preparing spawn area: 4%
[13:28:59] [Server-Worker-1/INFO]: Preparing spawn area: 9%
[13:29:00] [Server-Worker-2/INFO]: Preparing spawn area: 9%
[13:29:00] [Server-Worker-1/INFO]: Preparing spawn area: 16%
[13:29:01] [Server-Worker-1/INFO]: Preparing spawn area: 17%
[13:29:01] [Server-Worker-1/INFO]: Preparing spawn area: 17%
[13:29:02] [Server-Worker-1/INFO]: Preparing spawn area: 22%
[13:29:02] [Server-Worker-1/INFO]: Preparing spawn area: 22%
[13:29:03] [Server-Worker-1/INFO]: Preparing spawn area: 28%
[13:29:03] [Server-Worker-1/INFO]: Preparing spawn area: 28%
[13:29:04] [Server-Worker-1/INFO]: Preparing spawn area: 34%
[13:29:04] [Server-Worker-1/INFO]: Preparing spawn area: 39%
[13:29:05] [Server-Worker-1/INFO]: Preparing spawn area: 50%
[13:29:05] [Server-Worker-1/INFO]: Preparing spawn area: 54%
[13:29:06] [Server-Worker-2/INFO]: Preparing spawn area: 55%
[13:29:06] [Server-Worker-2/INFO]: Preparing spawn area: 61%
[13:29:07] [Server-Worker-2/INFO]: Preparing spawn area: 68%
[13:29:07] [Server-Worker-2/INFO]: Preparing spawn area: 71%
[13:29:08] [Server-Worker-1/INFO]: Preparing spawn area: 76%
[13:29:08] [Server-Worker-2/INFO]: Preparing spawn area: 81%
[13:29:09] [Server-Worker-2/INFO]: Preparing spawn area: 88%
[13:29:10] [Server-Worker-1/INFO]: Preparing spawn area: 89%
[13:29:10] [Server thread/INFO]: Time elapsed: 14034 ms
[13:29:10] [Server thread/INFO]: Preparing start region for dimension 'world_the_end'/minecraft:the_end
[13:29:10] [Server-Worker-1/INFO]: Preparing spawn area: 0%
[13:29:10] [Server-Worker-1/INFO]: Preparing spawn area: 0%
[13:29:11] [Server-Worker-2/INFO]: Preparing spawn area: 0%
[13:29:11] [Server-Worker-2/INFO]: Preparing spawn area: 2%
[13:29:12] [Server-Worker-1/INFO]: Preparing spawn area: 15%
[13:29:12] [Server-Worker-2/INFO]: Preparing spawn area: 31%
[13:29:13] [Server-Worker-2/INFO]: Preparing spawn area: 43%
[13:29:13] [Server-Worker-2/INFO]: Preparing spawn area: 55%
[13:29:14] [Server-Worker-1/INFO]: Preparing spawn area: 91%
[13:29:14] [Server thread/INFO]: Time elapsed: 4064 ms
[13:29:14] [Server thread/INFO]: Done (105.081s)! For help, type "help"
[13:29:20] [Server thread/INFO]: Stopping the server
[13:29:20] [Server thread/INFO]: Stopping server
[13:29:20] [Server thread/INFO]: Saving players
[13:29:20] [Server thread/INFO]: Saving worlds
[13:29:20] [Server thread/INFO]: Saving chunks for level 'world'/minecraft:overworld
[13:29:25] [Server thread/INFO]: ThreadedAnvilChunkStorage (world): All chunks are saved
[13:29:25] [Server thread/INFO]: Saving chunks for level 'world_nether'/minecraft:the_nether
[13:29:27] [Server thread/INFO]: ThreadedAnvilChunkStorage (DIM-1): All chunks are saved
[13:29:27] [Server thread/INFO]: Saving chunks for level 'world_the_end'/minecraft:the_end
[13:29:28] [Server thread/INFO]: ThreadedAnvilChunkStorage (DIM1): All chunks are saved
[13:29:28] [Server thread/INFO]: ThreadedAnvilChunkStorage (world): All chunks are saved
[13:29:29] [Server thread/INFO]: ThreadedAnvilChunkStorage (DIM-1): All chunks are saved
[13:29:30] [Server thread/INFO]: ThreadedAnvilChunkStorage (DIM1): All chunks are saved
